<?xml version="1.0" encoding="UTF-8"?>
<testng-results ignored="0" total="1" passed="0" failed="1" skipped="0">
  <reporter-output>
  </reporter-output>
  <suite started-at="2019-09-19T09:47:15 IST" name="Default suite" finished-at="2019-09-19T09:47:20 IST" duration-ms="5035">
    <groups>
    </groups>
    <test started-at="2019-09-19T09:47:15 IST" name="Default test" finished-at="2019-09-19T09:47:20 IST" duration-ms="5035">
      <class name="executionEngine.DriverScript">
        <test-method is-config="true" signature="DriverScriptS()[pri:0, instance:executionEngine.DriverScript@6e0dec4a]" started-at="2019-09-19T09:47:15 IST" name="DriverScriptS" finished-at="2019-09-19T09:47:15 IST" duration-ms="552" status="PASS">
          <reporter-output>
          </reporter-output>
        </test-method> <!-- DriverScriptS -->
        <test-method signature="Rently()[pri:0, instance:executionEngine.DriverScript@6e0dec4a]" started-at="2019-09-19T09:47:15 IST" name="Rently" finished-at="2019-09-19T09:47:18 IST" duration-ms="2826" status="FAIL">
          <exception class="java.lang.reflect.InvocationTargetException">
            <full-stacktrace>
              <![CDATA[java.lang.reflect.InvocationTargetException
at java.base/jdk.internal.reflect.NativeMethodAccessorImpl.invoke0(Native Method)
at java.base/jdk.internal.reflect.NativeMethodAccessorImpl.invoke(NativeMethodAccessorImpl.java:62)
at java.base/jdk.internal.reflect.DelegatingMethodAccessorImpl.invoke(DelegatingMethodAccessorImpl.java:43)
at java.base/java.lang.reflect.Method.invoke(Method.java:566)
at executionEngine.DriverScript.execute_Actions(DriverScript.java:298)
at executionEngine.DriverScript.execute_TestCase(DriverScript.java:245)
at executionEngine.DriverScript.Rently(DriverScript.java:95)
at java.base/jdk.internal.reflect.NativeMethodAccessorImpl.invoke0(Native Method)
at java.base/jdk.internal.reflect.NativeMethodAccessorImpl.invoke(NativeMethodAccessorImpl.java:62)
at java.base/jdk.internal.reflect.DelegatingMethodAccessorImpl.invoke(DelegatingMethodAccessorImpl.java:43)
at java.base/java.lang.reflect.Method.invoke(Method.java:566)
at org.testng.internal.MethodInvocationHelper.invokeMethod(MethodInvocationHelper.java:133)
at org.testng.internal.TestInvoker.invokeMethod(TestInvoker.java:584)
at org.testng.internal.TestInvoker.invokeTestMethod(TestInvoker.java:172)
at org.testng.internal.MethodRunner.runInSequence(MethodRunner.java:46)
at org.testng.internal.TestInvoker$MethodInvocationAgent.invoke(TestInvoker.java:804)
at org.testng.internal.TestInvoker.invokeTestMethods(TestInvoker.java:145)
at org.testng.internal.TestMethodWorker.invokeTestMethods(TestMethodWorker.java:146)
at org.testng.internal.TestMethodWorker.run(TestMethodWorker.java:128)
at java.base/java.util.ArrayList.forEach(ArrayList.java:1540)
at org.testng.TestRunner.privateRun(TestRunner.java:770)
at org.testng.TestRunner.run(TestRunner.java:591)
at org.testng.SuiteRunner.runTest(SuiteRunner.java:402)
at org.testng.SuiteRunner.runSequentially(SuiteRunner.java:396)
at org.testng.SuiteRunner.privateRun(SuiteRunner.java:355)
at org.testng.SuiteRunner.run(SuiteRunner.java:304)
at org.testng.SuiteRunnerWorker.runSuite(SuiteRunnerWorker.java:53)
at org.testng.SuiteRunnerWorker.run(SuiteRunnerWorker.java:96)
at org.testng.TestNG.runSuitesSequentially(TestNG.java:1180)
at org.testng.TestNG.runSuitesLocally(TestNG.java:1102)
at org.testng.TestNG.runSuites(TestNG.java:1032)
at org.testng.TestNG.run(TestNG.java:1000)
at org.testng.remote.AbstractRemoteTestNG.run(AbstractRemoteTestNG.java:115)
at org.testng.remote.RemoteTestNG.initAndRun(RemoteTestNG.java:251)
at org.testng.remote.RemoteTestNG.main(RemoteTestNG.java:77)
Caused by: java.lang.NullPointerException
at browserFactory.ReusableLibrary1.parselogin(ReusableLibrary1.java:345)
at browserFactory.ReusableLibrary1.lambda$0(ReusableLibrary1.java:316)
at java.base/java.util.ArrayList.forEach(ArrayList.java:1540)
at browserFactory.ReusableLibrary1.jsonParser(ReusableLibrary1.java:314)
at pages.keylessGlobalfunctions.sendResidentInvite(keylessGlobalfunctions.java:34)
at pages.keyless.keylessportal(keyless.java:41)
at config.ActionKeywords.keylessManagerLogin(ActionKeywords.java:108)
... 35 more
]]>
            </full-stacktrace>
          </exception> <!-- java.lang.reflect.InvocationTargetException -->
          <reporter-output>
          </reporter-output>
        </test-method> <!-- Rently -->
        <test-method is-config="true" signature="tearDown(org.testng.ITestResult)[pri:0, instance:executionEngine.DriverScript@6e0dec4a]" started-at="2019-09-19T09:47:18 IST" name="tearDown" finished-at="2019-09-19T09:47:20 IST" duration-ms="1619" status="PASS">
          <params>
            <param index="0">
              <value>
                <![CDATA[[TestResult name=Rently status=FAILURE method=DriverScript.Rently()[pri:0, instance:executionEngine.DriverScript@6e0dec4a] output={null}]]]>
              </value>
            </param>
          </params>
          <reporter-output>
          </reporter-output>
        </test-method> <!-- tearDown -->
      </class> <!-- executionEngine.DriverScript -->
    </test> <!-- Default test -->
  </suite> <!-- Default suite -->
</testng-results>
